<?xml version="1.0" encoding="UTF-8"?>
<testng-results ignored="0" total="2" passed="2" failed="0" skipped="0">
  <reporter-output>
  </reporter-output>
  <suite started-at="2020-05-29T22:55:36Z" name="Default suite" finished-at="2020-05-29T22:57:09Z" duration-ms="92548">
    <groups>
      <group name="cucumber">
        <method signature="AbstractTestNGCucumberTests.feature(cucumber.api.testng.CucumberFeatureWrapper)[pri:0, instance:pack.Runner.MyntraRunnerPage@4310d43]" name="feature" class="cucumber.api.testng.AbstractTestNGCucumberTests"/>
      </group> <!-- cucumber -->
    </groups>
    <test started-at="2020-05-29T22:55:36Z" name="Default test" finished-at="2020-05-29T22:57:09Z" duration-ms="92548">
      <class name="pack.Runner.MyntraRunnerPage">
        <test-method is-config="true" signature="setUpClass()[pri:0, instance:pack.Runner.MyntraRunnerPage@4310d43]" started-at="2020-05-29T22:55:36Z" name="setUpClass" finished-at="2020-05-29T22:55:37Z" duration-ms="305" status="PASS">
          <reporter-output>
          </reporter-output>
        </test-method> <!-- setUpClass -->
        <test-method signature="feature(cucumber.api.testng.CucumberFeatureWrapper)[pri:0, instance:pack.Runner.MyntraRunnerPage@4310d43]" started-at="2020-05-29T22:55:37Z" name="feature" description="Runs Cucumber Feature" data-provider="features" finished-at="2020-05-29T22:56:44Z" duration-ms="67279" status="PASS">
          <params>
            <param index="0">
              <value>
                <![CDATA[Searching feature]]>
              </value>
            </param>
          </params>
          <reporter-output>
          </reporter-output>
        </test-method> <!-- feature -->
        <test-method signature="feature(cucumber.api.testng.CucumberFeatureWrapper)[pri:0, instance:pack.Runner.MyntraRunnerPage@4310d43]" started-at="2020-05-29T22:56:44Z" name="feature" description="Runs Cucumber Feature" data-provider="features" finished-at="2020-05-29T22:57:08Z" duration-ms="24190" status="PASS">
          <params>
            <param index="0">
              <value>
                <![CDATA[T-Shirt order feature]]>
              </value>
            </param>
          </params>
          <reporter-output>
          </reporter-output>
        </test-method> <!-- feature -->
        <test-method is-config="true" signature="generateExtentReport()[pri:0, instance:pack.Runner.MyntraRunnerPage@4310d43]" started-at="2020-05-29T22:57:08Z" name="generateExtentReport" finished-at="2020-05-29T22:57:08Z" duration-ms="41" status="PASS">
          <reporter-output>
          </reporter-output>
        </test-method> <!-- generateExtentReport -->
        <test-method is-config="true" signature="tearDownClass()[pri:0, instance:pack.Runner.MyntraRunnerPage@4310d43]" started-at="2020-05-29T22:57:08Z" name="tearDownClass" finished-at="2020-05-29T22:57:09Z" duration-ms="589" status="PASS">
          <reporter-output>
          </reporter-output>
        </test-method> <!-- tearDownClass -->
      </class> <!-- pack.Runner.MyntraRunnerPage -->
    </test> <!-- Default test -->
  </suite> <!-- Default suite -->
</testng-results>
